2025-11-29 00:35:42, MOVE, v:1, k:poo@contato, mode:PICK
2025-11-29 00:35:43, EXEC, v:1, k:poo@contato, mode:FULL, rate:0, size:88
2025-11-29 00:36:27, EXEC, v:1, k:poo@contato, mode:FULL, rate:0, size:88
2025-11-29 00:38:14, EXEC, v:1, k:poo@contato, mode:FULL, rate:0, size:89
2025-11-29 00:43:07, EXEC, v:1, k:poo@contato, mode:FULL, rate:0, size:90
2025-11-29 00:43:41, EXEC, v:1, k:poo@contato, mode:FULL, rate:0, size:90
2025-11-29 00:44:20, EXEC, v:1, k:poo@contato, mode:FULL, rate:0, size:90
2025-11-29 00:47:18, EXEC, v:1, k:poo@contato, mode:FULL, rate:0, size:89
2025-11-29 00:48:00, EXEC, v:1, k:poo@contato, mode:FULL, rate:0, size:89
2025-11-29 00:50:54, EXEC, v:1, k:poo@contato, mode:FULL, rate:0, size:90
2025-11-29 00:50:55, EXEC, v:1, k:poo@contato, mode:FULL, rate:0
2025-11-29 00:53:38, EXEC, v:1, k:poo@contato, mode:FULL, rate:0, size:90
2025-11-29 14:24:35, MOVE, v:1, k:poo@contato, mode:PICK
2025-11-29 14:24:48, EXEC, v:1, k:poo@contato, mode:FULL, rate:0, size:90
2025-11-29 14:24:57, MOVE, v:1, k:poo@contato, mode:BACK
2025-11-29 14:39:31, MOVE, v:1, k:poo@contato, mode:PICK
2025-11-29 14:39:32, EXEC, v:1, k:poo@contato, mode:FULL, rate:0, size:90
2025-11-29 14:39:33, EXEC, v:1, k:poo@contato, mode:FULL, rate:0
2025-11-29 14:39:34, EXEC, v:1, k:poo@contato, mode:FULL, rate:0
2025-11-29 14:39:34, EXEC, v:1, k:poo@contato, mode:FULL, rate:0
2025-11-29 14:39:34, EXEC, v:1, k:poo@contato, mode:FULL, rate:0
2025-11-29 14:39:59, EXEC, v:1, k:poo@contato, mode:FULL, rate:0, size:91
2025-11-29 14:43:01, MOVE, v:1, k:poo@contato, mode:BACK
2025-11-29 16:54:08, MOVE, v:1, k:poo@contato, mode:PICK
2025-11-29 16:54:12, MOVE, v:1, k:poo@contato, mode:BACK
2025-11-29 17:06:25, MOVE, v:1, k:poo@contato, mode:PICK
2025-11-29 17:06:26, EXEC, v:1, k:poo@contato, mode:FULL, rate:0, size:88
2025-11-29 17:09:53, EXEC, v:1, k:poo@contato, mode:FULL, rate:0, size:88
2025-11-29 17:09:59, EXEC, v:1, k:poo@contato, mode:FULL, rate:0, size:88
2025-11-29 17:10:38, EXEC, v:1, k:poo@contato, mode:FULL, rate:0, size:88
2025-11-29 17:11:05, EXEC, v:1, k:poo@contato, mode:FULL, rate:20, size:88
2025-11-29 17:18:17, EXEC, v:1, k:poo@contato, mode:FULL, rate:20, size:92
2025-11-29 17:18:44, EXEC, v:1, k:poo@contato, mode:FULL, rate:40, size:92
2025-11-29 17:38:04, MOVE, v:1, k:poo@contato, mode:BACK
2025-11-29 17:38:14, MOVE, v:1, k:poo@contato, mode:PICK
2025-11-29 17:38:15, EXEC, v:1, k:poo@contato, mode:FULL, rate:40
2025-11-29 17:38:18, MOVE, v:1, k:poo@contato, mode:BACK
2025-11-29 17:38:52, SELF, v:1, k:poo@contato, rate:40
2025-11-29 17:38:52, MOVE, v:1, k:poo@contato, mode:PICK
2025-11-29 17:38:52, EXEC, v:1, k:poo@contato, mode:FULL, rate:40
2025-11-29 17:38:53, MOVE, v:1, k:poo@contato, mode:BACK
2025-11-29 17:38:56, MOVE, v:1, k:poo@agenda, mode:PICK
2025-11-29 17:38:57, EXEC, v:1, k:poo@agenda, mode:FULL, rate:0, size:92
2025-11-29 18:04:36, EXEC, v:1, k:poo@agenda, mode:FULL, rate:0, size:99
2025-11-29 18:50:07, EXEC, v:1, k:poo@agenda, mode:FULL, rate:0, size:94
2025-11-29 18:50:10, MOVE, v:1, k:poo@agenda, mode:BACK
2025-11-29 19:27:02, MOVE, v:1, k:poo@agenda, mode:PICK
2025-11-29 19:27:02, EXEC, v:1, k:poo@agenda, mode:FULL, rate:0, size:105
2025-11-29 19:27:04, EXEC, v:1, k:poo@agenda, mode:FULL, rate:0
2025-11-29 19:35:53, EXEC, v:1, k:poo@agenda, mode:FULL, rate:0, size:105
2025-11-29 19:35:55, EXEC, v:1, k:poo@agenda, mode:FULL, rate:0
2025-11-29 19:35:55, EXEC, v:1, k:poo@agenda, mode:FULL, rate:0
2025-11-29 19:41:59, EXEC, v:1, k:poo@agenda, mode:FULL, rate:0, size:107
2025-11-29 20:07:17, EXEC, v:1, k:poo@agenda, mode:FULL, rate:0, size:112
2025-11-29 20:07:18, EXEC, v:1, k:poo@agenda, mode:FULL, rate:0
2025-11-29 20:09:29, EXEC, v:1, k:poo@agenda, mode:FULL, rate:25, size:112
2025-11-29 20:22:14, EXEC, v:1, k:poo@agenda, mode:FULL, rate:25, size:118
2025-11-29 21:32:09, EXEC, v:1, k:poo@agenda, mode:FULL, rate:25, size:128
2025-11-29 21:36:24, EXEC, v:1, k:poo@agenda, mode:FULL, rate:12, size:130
2025-11-29 21:41:51, EXEC, v:1, k:poo@agenda, mode:FULL, rate:0, size:131
2025-11-29 21:44:21, EXEC, v:1, k:poo@agenda, mode:FULL, rate:25, size:132
2025-11-29 21:47:02, EXEC, v:1, k:poo@agenda, mode:FULL, rate:25, size:132
2025-11-29 21:51:39, EXEC, v:1, k:poo@agenda, mode:FULL, rate:25, size:132
2025-11-29 21:56:33, EXEC, v:1, k:poo@agenda, mode:FULL, rate:25, size:130
2025-11-29 22:04:02, EXEC, v:1, k:poo@agenda, mode:FULL, rate:25, size:131
2025-11-29 22:08:46, MOVE, v:1, k:poo@agenda, mode:BACK
2025-11-29 22:09:06, MOVE, v:1, k:poo@contato, mode:PICK
2025-11-29 22:22:34, EXEC, v:1, k:poo@contato, mode:FULL, rate:0, size:93
2025-11-29 22:22:59, EXEC, v:1, k:poo@contato, mode:FULL, rate:0, size:93
2025-11-29 22:23:23, EXEC, v:1, k:poo@contato, mode:FULL, rate:0, size:93
2025-11-29 22:23:25, EXEC, v:1, k:poo@contato, mode:FULL, rate:0
2025-11-29 22:23:26, EXEC, v:1, k:poo@contato, mode:FULL, rate:0
2025-11-29 22:23:26, EXEC, v:1, k:poo@contato, mode:FULL, rate:0
2025-11-29 22:23:26, EXEC, v:1, k:poo@contato, mode:FULL, rate:0
2025-11-29 22:23:26, EXEC, v:1, k:poo@contato, mode:FULL, rate:0
2025-11-29 22:23:27, EXEC, v:1, k:poo@contato, mode:FULL, rate:0
2025-11-29 22:23:27, EXEC, v:1, k:poo@contato, mode:FULL, rate:0
2025-11-29 22:29:17, EXEC, v:1, k:poo@contato, mode:FULL, rate:0, size:94
2025-11-29 22:29:44, EXEC, v:1, k:poo@contato, mode:FULL, rate:20, size:94
2025-11-29 22:30:02, EXEC, v:1, k:poo@contato, mode:FULL, rate:0, size:94
2025-11-29 22:30:13, EXEC, v:1, k:poo@contato, mode:FULL, rate:60, size:94
2025-11-29 22:30:49, EXEC, v:1, k:poo@contato, mode:FULL, rate:100, size:94
2025-11-29 22:34:16, MOVE, v:1, k:poo@contato, mode:BACK
